[23:06:23] === START persona=lam (16 commands) ===
[23:06:23] [01/16] start_computer  
[23:06:23] Starting VM...
[23:06:27] Waiting for VMware Tools to be ready...
[23:06:44]   ✓ Guest ready!
[23:06:50]   📸 desktop_ready_230649.png
[23:06:52] [02/16] login_user  P@ssword123
[23:07:01]   📸 after_login_230700.png
[23:07:03] [03/16] firefox_first_search  latest advancements in artificial intelligence 202
[23:07:03] Open browser → 'latest advancements in artificial intelligence 2025'
[23:07:03]   vmrun_g ERR[4294967295]: 
[23:07:03]   explorer failed, retrying...
[23:07:17]   📸 s_latest_advancements__230717.png
[23:07:19] [04/16] firefox_new_search  how to improve coding skills efficiently
[23:07:19] New search → 'how to improve coding skills efficiently'
[23:07:28]   📸 s_how_to_improve_codin_230727.png
[23:07:30] [05/16] firefox_new_search  best practices in cybersecurity for beginners
[23:07:30] New search → 'best practices in cybersecurity for beginners'
[23:07:38]   📸 s_best_practices_in_cy_230737.png
[23:07:40] [06/16] firefox_new_search  Vietnamese tech startups success stories
[23:07:40] New search → 'Vietnamese tech startups success stories'
[23:07:48]   📸 s_Vietnamese_tech_star_230747.png
[23:07:50] [07/16] firefox_new_search  AI programming competitions 2025
[23:07:50] New search → 'AI programming competitions 2025'
[23:07:58]   📸 s_AI_programming_compe_230758.png
[23:08:00] [08/16] firefox_new_search  how to participate in international hackathons
[23:08:00] New search → 'how to participate in international hackathons'
[23:08:08]   📸 s_how_to_participate_i_230808.png
[23:08:10] [09/16] firefox_new_search  scholarship opportunities for computer science stu
[23:08:10] New search → 'scholarship opportunities for computer science students in Vietnam'
[23:08:18]   📸 s_scholarship_opportun_230818.png
[23:08:20] [10/16] firefox_new_search  top cybersecurity certifications 2025
[23:08:20] New search → 'top cybersecurity certifications 2025'
[23:08:29]   📸 s_top_cybersecurity_ce_230828.png
[23:08:31] [11/16] firefox_new_search  guitar tutorials for beginners
[23:08:31] New search → 'guitar tutorials for beginners'
[23:08:39]   📸 s_guitar_tutorials_for_230838.png
[23:08:41] [12/16] create_text_file  Startup Ideas 2025.txt
[23:08:41] Copying file → Startup Ideas 2025.txt.txt
[23:08:41]   File copied OK → Desktop/Startup Ideas 2025.txt.txt
[23:08:45]   📸 f_Startup Ideas 2025.txt_230844.png
[23:08:47] [13/16] firefox_new_search  how to start a tech company in Vietnam
[23:08:47] New search → 'how to start a tech company in Vietnam'
[23:08:55]   📸 s_how_to_start_a_tech__230854.png
[23:08:57] [14/16] firefox_new_search  cybersecurity news June 2025
[23:08:57] New search → 'cybersecurity news June 2025'
[23:09:05]   📸 s_cybersecurity_news_J_230905.png
[23:09:07] [15/16] firefox_new_search  best video games of 2025
[23:09:07] New search → 'best video games of 2025'
[23:09:15]   📸 s_best_video_games_of__230915.png
[23:09:17] [16/16] shutdown_computer  
[23:09:17] Shutdown via vmrun stop soft...
[23:09:42] VM off
[23:09:44] === DONE. Log → logs\exec_lam_20260518_230623.log ===
